Using pre-set license
Built from '2022.3/staging' branch; Version is '2022.3.4f1 (35713cd46cd7) revision 3502396'; Using compiler version '192829333'; Build Type 'Release'
OS: 'Windows 11  (10.0.22631) 64bit Core' Language: 'de' Physical Memory: 16110 MB
BatchMode: 1, IsHumanControllingUs: 0, StartBugReporterOnCrash: 0, Is64bit: 1, IsPro: 1

COMMAND LINE ARGUMENTS:
C:\Program Files\Unity\Hub\Editor\2022.3.4f1\Editor\Unity.exe
-adb2
-batchMode
-noUpm
-name
AssetImportWorker2
-projectPath
C:/Users/erdwa/Saved Games/GraveTender/Grave&Tender
-logFile
Logs/AssetImportWorker2.log
-srvPort
50313
Successfully changed project path to: C:/Users/erdwa/Saved Games/GraveTender/Grave&Tender
C:/Users/erdwa/Saved Games/GraveTender/Grave&Tender
[UnityMemory] Configuration Parameters - Can be set up in boot.config
    "memorysetup-bucket-allocator-granularity=16"
    "memorysetup-bucket-allocator-bucket-count=8"
    "memorysetup-bucket-allocator-block-size=33554432"
    "memorysetup-bucket-allocator-block-count=8"
    "memorysetup-main-allocator-block-size=16777216"
    "memorysetup-thread-allocator-block-size=16777216"
    "memorysetup-gfx-main-allocator-block-size=16777216"
    "memorysetup-gfx-thread-allocator-block-size=16777216"
    "memorysetup-cache-allocator-block-size=4194304"
    "memorysetup-typetree-allocator-block-size=2097152"
    "memorysetup-profiler-bucket-allocator-granularity=16"
    "memorysetup-profiler-bucket-allocator-bucket-count=8"
    "memorysetup-profiler-bucket-allocator-block-size=33554432"
    "memorysetup-profiler-bucket-allocator-block-count=8"
    "memorysetup-profiler-allocator-block-size=16777216"
    "memorysetup-profiler-editor-allocator-block-size=1048576"
    "memorysetup-temp-allocator-size-main=16777216"
    "memorysetup-job-temp-allocator-block-size=2097152"
    "memorysetup-job-temp-allocator-block-size-background=1048576"
    "memorysetup-job-temp-allocator-reduction-small-platforms=262144"
    "memorysetup-allocator-temp-initial-block-size-main=262144"
    "memorysetup-allocator-temp-initial-block-size-worker=262144"
    "memorysetup-temp-allocator-size-background-worker=32768"
    "memorysetup-temp-allocator-size-job-worker=262144"
    "memorysetup-temp-allocator-size-preload-manager=33554432"
    "memorysetup-temp-allocator-size-nav-mesh-worker=65536"
    "memorysetup-temp-allocator-size-audio-worker=65536"
    "memorysetup-temp-allocator-size-cloud-worker=32768"
    "memorysetup-temp-allocator-size-gi-baking-worker=262144"
    "memorysetup-temp-allocator-size-gfx=262144"
Player connection [1076] Host "[IP] 192.168.0.221 [Port] 0 [Flags] 2 [Guid] 3388354785 [EditorId] 3388354785 [Version] 1048832 [Id] WindowsEditor(7,Matebook_EdA) [Debug] 1 [PackageName] WindowsEditor [ProjectName] Editor" joined multi-casting on [225.0.0.222:54997]...

Player connection [1076] Host "[IP] 192.168.0.221 [Port] 0 [Flags] 2 [Guid] 3388354785 [EditorId] 3388354785 [Version] 1048832 [Id] WindowsEditor(7,Matebook_EdA) [Debug] 1 [PackageName] WindowsEditor [ProjectName] Editor" joined alternative multi-casting on [225.0.0.222:34997]...

Refreshing native plugins compatible for Editor in 7.95 ms, found 3 plugins.
Preloading 0 native plugins for Editor in 0.00 ms.
Initialize engine version: 2022.3.4f1 (35713cd46cd7)
[Subsystems] Discovering subsystems at path C:/Program Files/Unity/Hub/Editor/2022.3.4f1/Editor/Data/Resources/UnitySubsystems
[Subsystems] Discovering subsystems at path C:/Users/erdwa/Saved Games/GraveTender/Grave&Tender/Assets
GfxDevice: creating device client; threaded=0; jobified=0
Direct3D:
    Version:  Direct3D 11.0 [level 11.1]
    Renderer: Intel(R) Iris(R) Xe Graphics (ID=0x46a6)
    Vendor:   Intel
    VRAM:     8055 MB
    Driver:   31.0.101.3358
Initialize mono
Mono path[0] = 'C:/Program Files/Unity/Hub/Editor/2022.3.4f1/Editor/Data/Managed'
Mono path[1] = 'C:/Program Files/Unity/Hub/Editor/2022.3.4f1/Editor/Data/MonoBleedingEdge/lib/mono/unityjit-win32'
Mono config path = 'C:/Program Files/Unity/Hub/Editor/2022.3.4f1/Editor/Data/MonoBleedingEdge/etc'
Using monoOptions --debugger-agent=transport=dt_socket,embedding=1,server=y,suspend=n,address=127.0.0.1:56532
Begin MonoManager ReloadAssembly
Registering precompiled unity dll's ...
Register platform support module: C:/Program Files/Unity/Hub/Editor/2022.3.4f1/Editor/Data/PlaybackEngines/MacStandaloneSupport/UnityEditor.OSXStandalone.Extensions.dll
Register platform support module: C:/Program Files/Unity/Hub/Editor/2022.3.4f1/Editor/Data/PlaybackEngines/WindowsStandaloneSupport/UnityEditor.WindowsStandalone.Extensions.dll
Registered in 0.006517 seconds.
- Loaded All Assemblies, in  0.263 seconds
Native extension for WindowsStandalone target not found
Native extension for OSXStandalone target not found
Mono: successfully reloaded assembly
- Finished resetting the current domain, in  0.211 seconds
Domain Reload Profiling: 473ms
	BeginReloadAssembly (68ms)
		ExecutionOrderSort (0ms)
		DisableScriptedObjects (0ms)
		BackupInstance (0ms)
		ReleaseScriptingObjects (0ms)
		CreateAndSetChildDomain (1ms)
	RebuildCommonClasses (28ms)
	RebuildNativeTypeToScriptingClass (9ms)
	initialDomainReloadingComplete (48ms)
	LoadAllAssembliesAndSetupDomain (110ms)
		LoadAssemblies (66ms)
		RebuildTransferFunctionScriptingTraits (0ms)
		AnalyzeDomain (105ms)
			TypeCache.Refresh (104ms)
				TypeCache.ScanAssembly (94ms)
			ScanForSourceGeneratedMonoScriptInfo (0ms)
			ResolveRequiredComponents (0ms)
	FinalizeReload (211ms)
		ReleaseScriptCaches (0ms)
		RebuildScriptCaches (0ms)
		SetupLoadedEditorAssemblies (164ms)
			LogAssemblyErrors (0ms)
			InitializePlatformSupportModulesInManaged (10ms)
			SetLoadedEditorAssemblies (7ms)
			RefreshPlugins (0ms)
			BeforeProcessingInitializeOnLoad (2ms)
			ProcessInitializeOnLoadAttributes (107ms)
			ProcessInitializeOnLoadMethodAttributes (38ms)
			AfterProcessingInitializeOnLoad (0ms)
			EditorAssembliesLoaded (0ms)
		ExecutionOrderSort2 (0ms)
		AwakeInstancesAfterBackupRestoration (0ms)
========================================================================
Worker process is ready to serve import requests
Begin MonoManager ReloadAssembly
Symbol file LoadedFromMemory doesn't match image C:\Users\erdwa\Saved Games\GraveTender\Grave&Tender\Library\PackageCache\com.unity.visualscripting@1.8.0\Editor\VisualScripting.Core\Dependencies\YamlDotNet\Unity.VisualScripting.YamlDotNet.dll
Symbol file LoadedFromMemory doesn't match image C:\Users\erdwa\Saved Games\GraveTender\Grave&Tender\Library\PackageCache\com.unity.visualscripting@1.8.0\Editor\VisualScripting.Core\Dependencies\DotNetZip\Unity.VisualScripting.IonicZip.dll
- Loaded All Assemblies, in  0.598 seconds
Refreshing native plugins compatible for Editor in 2.81 ms, found 3 plugins.
Native extension for WindowsStandalone target not found
Native extension for OSXStandalone target not found
System.Exception: Error! Visual Scripting: couldn't find visual scripting package
  at Unity.VisualScripting.PackageVersionUtility.get_version () [0x00043] in .\Library\PackageCache\com.unity.visualscripting@1.8.0\Editor\VisualScripting.Core\Utilities\PackageVersionUtility.cs:31 
  at Unity.VisualScripting.BoltCoreManifest.get_version () [0x00000] in .\Library\PackageCache\com.unity.visualscripting@1.8.0\Editor\VisualScripting.Core\Plugin\BoltCoreManifest.cs:11 
  at Unity.VisualScripting.PluginManifest.get_currentVersion () [0x00000] in .\Library\PackageCache\com.unity.visualscripting@1.8.0\Editor\VisualScripting.Core\Plugins\PluginManifest.cs:33 
  at Unity.VisualScripting.PluginManifest.get_versionMismatch () [0x00000] in .\Library\PackageCache\com.unity.visualscripting@1.8.0\Editor\VisualScripting.Core\Plugins\PluginManifest.cs:48 
  at Unity.VisualScripting.PluginContainer.Initialize () [0x00525] in .\Library\PackageCache\com.unity.visualscripting@1.8.0\Editor\VisualScripting.Core\Plugins\PluginContainer.cs:208 
  at Unity.VisualScripting.PluginContainer.InitializeOnLoad () [0x00009] in .\Library\PackageCache\com.unity.visualscripting@1.8.0\Editor\VisualScripting.Core\Plugins\PluginContainer.cs:32 
  at Unity.VisualScripting.VSUsageUtility.DoInitializeOnLoadCalls () [0x00034] in .\Library\PackageCache\com.unity.visualscripting@1.8.0\Editor\VisualScripting.Core\Utilities\VSUsageUtility.cs:76 
  at Unity.VisualScripting.VSUsageUtility.set_isVisualScriptingUsed (System.Boolean value) [0x0002c] in .\Library\PackageCache\com.unity.visualscripting@1.8.0\Editor\VisualScripting.Core\Utilities\VSUsageUtility.cs:114 
  at Unity.VisualScripting.VSUsageUtility.CheckAndSetIsVisualScriptingUsed () [0x00032] in .\Library\PackageCache\com.unity.visualscripting@1.8.0\Editor\VisualScripting.Core\Utilities\VSUsageUtility.cs:48 
  at Unity.VisualScripting.VSUsageUtility..cctor () [0x00000] in .\Library\PackageCache\com.unity.visualscripting@1.8.0\Editor\VisualScripting.Core\Utilities\VSUsageUtility.cs:22 
UnityEngine.StackTraceUtility:ExtractStackTrace ()
UnityEngine.DebugLogHandler:LogFormat (UnityEngine.LogType,UnityEngine.Object,string,object[])
UnityEngine.Logger:Log (UnityEngine.LogType,object)
UnityEngine.Debug:LogError (object)
UnityEditor.EditorAssemblies:ProcessInitializeOnLoadAttributes (System.Type[])

Package Manager log level set to [2]
[Package Manager] Server::EnsureServerProcessIsRunning -- launch failed, reason: Unity was launched with the -noUpm command-line argument
[Package Manager] UpmClient::Send -- Unable to send message (not connected to UPM process).
[Package Manager] Cannot connect to Unity Package Manager local server
Mono: successfully reloaded assembly
- Finished resetting the current domain, in  0.801 seconds
Domain Reload Profiling: 1397ms
	BeginReloadAssembly (111ms)
		ExecutionOrderSort (0ms)
		DisableScriptedObjects (4ms)
		BackupInstance (0ms)
		ReleaseScriptingObjects (0ms)
		CreateAndSetChildDomain (16ms)
	RebuildCommonClasses (27ms)
	RebuildNativeTypeToScriptingClass (9ms)
	initialDomainReloadingComplete (36ms)
	LoadAllAssembliesAndSetupDomain (412ms)
		LoadAssemblies (226ms)
		RebuildTransferFunctionScriptingTraits (0ms)
		AnalyzeDomain (243ms)
			TypeCache.Refresh (219ms)
				TypeCache.ScanAssembly (210ms)
			ScanForSourceGeneratedMonoScriptInfo (16ms)
			ResolveRequiredComponents (8ms)
	FinalizeReload (801ms)
		ReleaseScriptCaches (0ms)
		RebuildScriptCaches (0ms)
		SetupLoadedEditorAssemblies (680ms)
			LogAssemblyErrors (0ms)
			InitializePlatformSupportModulesInManaged (7ms)
			SetLoadedEditorAssemblies (2ms)
			RefreshPlugins (0ms)
			BeforeProcessingInitializeOnLoad (56ms)
			ProcessInitializeOnLoadAttributes (559ms)
			ProcessInitializeOnLoadMethodAttributes (50ms)
			AfterProcessingInitializeOnLoad (5ms)
			EditorAssembliesLoaded (0ms)
		ExecutionOrderSort2 (0ms)
		AwakeInstancesAfterBackupRestoration (5ms)
Launched and connected shader compiler UnityShaderCompiler.exe after 0.03 seconds
Refreshing native plugins compatible for Editor in 2.83 ms, found 3 plugins.
Preloading 0 native plugins for Editor in 0.00 ms.
Unloading 5002 Unused Serialized files (Serialized files now loaded: 0)
Unloading 70 unused Assets / (0.6 MB). Loaded Objects now: 5479.
Memory consumption went from 285.2 MB to 284.6 MB.
Total: 11.437200 ms (FindLiveObjects: 0.275000 ms CreateObjectMapping: 0.168200 ms MarkObjects: 10.715000 ms  DeleteObjects: 0.278100 ms)

AssetImportParameters requested are different than current active one (requested -> active):
  custom:container-demuxer-ogg: 62fdf1f143b41e24485cea50d1cbac27 -> 
  custom:video-codec-MediaFoundation-h265: 746d11721c4dcdbdad8f713fa42b33f4 -> 
  custom:video-decoder-ogg-theora: a1e56fd34408186e4bbccfd4996cb3dc -> 
  custom:framework-win-MediaFoundation: 216162199b28c13a410421893ffa2e32 -> 
  custom:CustomObjectIndexerAttribute: a3ef5dd2817f97addfee359851a9dba5 -> 
  custom:container-demuxer-webm: 4f35f7cbe854078d1ac9338744f61a02 -> 
  custom:container-muxer-webm: aa71ff27fc2769a1b78a27578f13a17b -> 
  custom:video-decoder-webm-vp8: 9c59270c3fd7afecdb556c50c9e8de78 -> 
  custom:AudioImporter_EditorPlatform: d09bf68614088b80899f8185d706f6e7 -> 
  custom:video-encoder-webm-vp8: eb34c28f22e8b96e1ab97ce403110664 -> 
  custom:audio-decoder-ogg-vorbis: bf7c407c2cedff20999df2af8eb42d56 -> 
  custom:audio-encoder-webm-vorbis: bf7c407c2cedff20999df2af8eb42d56 -> 
========================================================================
Received Import Request.
  Time since last request: 2436.291809 seconds.
  path: Assets/Models/Grab_Dreckig_Textures/Grab_dreckig01.mat
  artifactKey: Guid(19cb5707c3573444690bdb14e4d262ab) Importer(815301076,1909f56bfc062723c751e8b465ee728b)
Start importing Assets/Models/Grab_Dreckig_Textures/Grab_dreckig01.mat using Guid(19cb5707c3573444690bdb14e4d262ab) Importer(815301076,1909f56bfc062723c751e8b465ee728b)  -> (artifact id: 'b41f16fa3494dbe3339979324f7bd057') in 0.006762 seconds
Number of updated asset objects reloaded before import = 0
Number of asset objects unloaded after import = 1
========================================================================
Received Import Request.
  Time since last request: 0.006167 seconds.
  path: Assets/Models/Grab_Dreckig_Textures/Grab_Dreckig_Braun03.png
  artifactKey: Guid(72bf5cc8257bdf04a9e891216433f05a) Importer(815301076,1909f56bfc062723c751e8b465ee728b)
Start importing Assets/Models/Grab_Dreckig_Textures/Grab_Dreckig_Braun03.png using Guid(72bf5cc8257bdf04a9e891216433f05a) Importer(815301076,1909f56bfc062723c751e8b465ee728b)  -> (artifact id: 'eca181b2de95af90c4744bee76af5f2c') in 0.003033 seconds
Number of updated asset objects reloaded before import = 0
Number of asset objects unloaded after import = 1
========================================================================
Received Import Request.
  Time since last request: 2.041882 seconds.
  path: Assets/Models/Characters/Prefabs/Erwachsen.prefab
  artifactKey: Guid(fef2917adac880f47bf9c0f52cf3fe69) Importer(815301076,1909f56bfc062723c751e8b465ee728b)
Start importing Assets/Models/Characters/Prefabs/Erwachsen.prefab using Guid(fef2917adac880f47bf9c0f52cf3fe69) Importer(815301076,1909f56bfc062723c751e8b465ee728b)  -> (artifact id: '1e67133d72279b07a3fdcd720345b475') in 0.020209 seconds
Number of updated asset objects reloaded before import = 0
Number of asset objects unloaded after import = 409
========================================================================
Received Import Request.
  Time since last request: 0.000028 seconds.
  path: Assets/Models/Characters/Prefabs/MC_alt.prefab
  artifactKey: Guid(150417aa784fb5543b63c87ad6651be2) Importer(815301076,1909f56bfc062723c751e8b465ee728b)
Start importing Assets/Models/Characters/Prefabs/MC_alt.prefab using Guid(150417aa784fb5543b63c87ad6651be2) Importer(815301076,1909f56bfc062723c751e8b465ee728b)  -> (artifact id: 'fd92c6a41fe519de5f2880f506499737') in 0.013384 seconds
Number of updated asset objects reloaded before import = 0
Number of asset objects unloaded after import = 354
========================================================================
Received Import Request.
  Time since last request: 1.307507 seconds.
  path: Assets/Models/Characters/baby beine wackeln.fbx
  artifactKey: Guid(1f68042a9e6ac4e4aaae4cf91a4105e8) Importer(815301076,1909f56bfc062723c751e8b465ee728b)
Start importing Assets/Models/Characters/baby beine wackeln.fbx using Guid(1f68042a9e6ac4e4aaae4cf91a4105e8) Importer(815301076,1909f56bfc062723c751e8b465ee728b)  -> (artifact id: '786a8b0b67db42353beb2196c35c1840') in 0.012137 seconds
Number of updated asset objects reloaded before import = 0
Number of asset objects unloaded after import = 133
========================================================================
Received Import Request.
  Time since last request: 0.000014 seconds.
  path: Assets/Models/Characters/enkel_2_drehung.fbx
  artifactKey: Guid(0b20bbfe8448bc740bf58863f70c9083) Importer(815301076,1909f56bfc062723c751e8b465ee728b)
Start importing Assets/Models/Characters/enkel_2_drehung.fbx using Guid(0b20bbfe8448bc740bf58863f70c9083) Importer(815301076,1909f56bfc062723c751e8b465ee728b)  -> (artifact id: '9896c3871c26cc8194be0227afc369d1') in 0.009889 seconds
Number of updated asset objects reloaded before import = 0
Number of asset objects unloaded after import = 109
========================================================================
Received Import Request.
  Time since last request: 0.015059 seconds.
  path: Assets/Models/Characters/Urenkel.prefab
  artifactKey: Guid(fed21d9858298c24db05758a1d05f1fe) Importer(815301076,1909f56bfc062723c751e8b465ee728b)
Start importing Assets/Models/Characters/Urenkel.prefab using Guid(fed21d9858298c24db05758a1d05f1fe) Importer(815301076,1909f56bfc062723c751e8b465ee728b)  -> (artifact id: 'f11f1dd5da66a092bdbce5b59c8216a9') in 0.010035 seconds
Number of updated asset objects reloaded before import = 0
Number of asset objects unloaded after import = 145
========================================================================
Received Import Request.
  Time since last request: 0.000016 seconds.
  path: Assets/Models/Characters/walking_mc_alt.fbx
  artifactKey: Guid(0a7aa00a5f5fa074988e2529609cebfc) Importer(815301076,1909f56bfc062723c751e8b465ee728b)
Start importing Assets/Models/Characters/walking_mc_alt.fbx using Guid(0a7aa00a5f5fa074988e2529609cebfc) Importer(815301076,1909f56bfc062723c751e8b465ee728b)  -> (artifact id: '8018811bfb8f8e59d333466e854a8c8d') in 0.043412 seconds
Number of updated asset objects reloaded before import = 0
Number of asset objects unloaded after import = 132
========================================================================
Received Import Request.
  Time since last request: 6.207357 seconds.
  path: Assets/Material/Toon_Materials/Character/Augen.mat
  artifactKey: Guid(03549fcf701dd544e87ed63b4f086444) Importer(815301076,1909f56bfc062723c751e8b465ee728b)
Start importing Assets/Material/Toon_Materials/Character/Augen.mat using Guid(03549fcf701dd544e87ed63b4f086444) Importer(815301076,1909f56bfc062723c751e8b465ee728b)  -> (artifact id: 'dbe22f6ed917ab9a23257769e5c9a00e') in 0.001565 seconds
Number of updated asset objects reloaded before import = 0
Number of asset objects unloaded after import = 1
========================================================================
Received Import Request.
  Time since last request: 0.000493 seconds.
  path: Assets/Material/Toon_Materials/Character/HalsBrauenMC.mat
  artifactKey: Guid(50d9c2e419811124181df0a66723be2c) Importer(815301076,1909f56bfc062723c751e8b465ee728b)
Start importing Assets/Material/Toon_Materials/Character/HalsBrauenMC.mat using Guid(50d9c2e419811124181df0a66723be2c) Importer(815301076,1909f56bfc062723c751e8b465ee728b)  -> (artifact id: 'e9a0b1840b27e11681fca5dd2ce0659e') in 0.001882 seconds
Number of updated asset objects reloaded before import = 0
Number of asset objects unloaded after import = 1
========================================================================
Received Import Request.
  Time since last request: 0.000100 seconds.
  path: Assets/Material/Toon_Materials/Character/KörperMC.mat
  artifactKey: Guid(796d207662c0436459c73971f94867c4) Importer(815301076,1909f56bfc062723c751e8b465ee728b)
Start importing Assets/Material/Toon_Materials/Character/KörperMC.mat using Guid(796d207662c0436459c73971f94867c4) Importer(815301076,1909f56bfc062723c751e8b465ee728b)  -> (artifact id: 'ab57f1fb9f00732b6088a9195e594602') in 0.002471 seconds
Number of updated asset objects reloaded before import = 0
Number of asset objects unloaded after import = 1
========================================================================
Received Import Request.
  Time since last request: 0.740241 seconds.
  path: Assets/Material/Toon_Materials/Delete/Player.mat
  artifactKey: Guid(e2c982a96d78d3a46b9be6c7f15e9240) Importer(815301076,1909f56bfc062723c751e8b465ee728b)
Start importing Assets/Material/Toon_Materials/Delete/Player.mat using Guid(e2c982a96d78d3a46b9be6c7f15e9240) Importer(815301076,1909f56bfc062723c751e8b465ee728b)  -> (artifact id: 'ad5c378327a382c5f71d8a9d103f6003') in 0.001086 seconds
Number of updated asset objects reloaded before import = 0
Number of asset objects unloaded after import = 1
========================================================================
Received Import Request.
  Time since last request: 1.655126 seconds.
  path: Assets/Material/Toon_Materials/Baum01.mat
  artifactKey: Guid(29a96b1ddb6d74d48bfe27e09ef3fa59) Importer(815301076,1909f56bfc062723c751e8b465ee728b)
Start importing Assets/Material/Toon_Materials/Baum01.mat using Guid(29a96b1ddb6d74d48bfe27e09ef3fa59) Importer(815301076,1909f56bfc062723c751e8b465ee728b)  -> (artifact id: '40a5c1f6d1eb0bb8e0eb25f372bf9577') in 0.003639 seconds
Number of updated asset objects reloaded before import = 0
Number of asset objects unloaded after import = 1
========================================================================
Received Import Request.
  Time since last request: 0.000043 seconds.
  path: Assets/Material/Toon_Materials/Gebetsflaggen_Blau.mat
  artifactKey: Guid(7e80abbcc2329144396431d40588134f) Importer(815301076,1909f56bfc062723c751e8b465ee728b)
Start importing Assets/Material/Toon_Materials/Gebetsflaggen_Blau.mat using Guid(7e80abbcc2329144396431d40588134f) Importer(815301076,1909f56bfc062723c751e8b465ee728b)  -> (artifact id: '9b21ef673cefe49481731ce1cb722582') in 0.001027 seconds
Number of updated asset objects reloaded before import = 0
Number of asset objects unloaded after import = 1
========================================================================
Received Import Request.
  Time since last request: 0.000066 seconds.
  path: Assets/Material/Toon_Materials/Baum04.mat
  artifactKey: Guid(7e41c1a098d150a458fe93349a623f38) Importer(815301076,1909f56bfc062723c751e8b465ee728b)
Start importing Assets/Material/Toon_Materials/Baum04.mat using Guid(7e41c1a098d150a458fe93349a623f38) Importer(815301076,1909f56bfc062723c751e8b465ee728b)  -> (artifact id: '7bac6575026e513201fdeb9080b75e37') in 0.001171 seconds
Number of updated asset objects reloaded before import = 0
Number of asset objects unloaded after import = 1
========================================================================
Received Import Request.
  Time since last request: 0.000042 seconds.
  path: Assets/Material/Toon_Materials/Baum_Hell.mat
  artifactKey: Guid(d35c75126a2baad4a89fe5279744a8ad) Importer(815301076,1909f56bfc062723c751e8b465ee728b)
Start importing Assets/Material/Toon_Materials/Baum_Hell.mat using Guid(d35c75126a2baad4a89fe5279744a8ad) Importer(815301076,1909f56bfc062723c751e8b465ee728b)  -> (artifact id: 'dcb70bdece9ecee0b1778efeaff475d3') in 0.001030 seconds
Number of updated asset objects reloaded before import = 0
Number of asset objects unloaded after import = 1
========================================================================
Received Import Request.
  Time since last request: 0.000013 seconds.
  path: Assets/Material/Toon_Materials/Gebetsseil.mat
  artifactKey: Guid(9bfc3050867da4f49b263bfb86de89ab) Importer(815301076,1909f56bfc062723c751e8b465ee728b)
Start importing Assets/Material/Toon_Materials/Gebetsseil.mat using Guid(9bfc3050867da4f49b263bfb86de89ab) Importer(815301076,1909f56bfc062723c751e8b465ee728b)  -> (artifact id: 'b27ce852be4fc3c71e8f1bd3a1dca72f') in 0.001172 seconds
Number of updated asset objects reloaded before import = 0
Number of asset objects unloaded after import = 1
========================================================================
Received Import Request.
  Time since last request: 0.000121 seconds.
  path: Assets/Material/Toon_Materials/Baum_Dunkel.mat
  artifactKey: Guid(0197c6da4a2f70c48a1f26dbdec1272f) Importer(815301076,1909f56bfc062723c751e8b465ee728b)
Start importing Assets/Material/Toon_Materials/Baum_Dunkel.mat using Guid(0197c6da4a2f70c48a1f26dbdec1272f) Importer(815301076,1909f56bfc062723c751e8b465ee728b)  -> (artifact id: 'fedce563d8da814e72a659806e05b20b') in 0.001095 seconds
Number of updated asset objects reloaded before import = 0
Number of asset objects unloaded after import = 1
========================================================================
Received Import Request.
  Time since last request: 0.010418 seconds.
  path: Assets/Material/Toon_Materials/Grab Dreck 3.mat
  artifactKey: Guid(ea5d4c7f5dd505449989f72c763bd645) Importer(815301076,1909f56bfc062723c751e8b465ee728b)
Start importing Assets/Material/Toon_Materials/Grab Dreck 3.mat using Guid(ea5d4c7f5dd505449989f72c763bd645) Importer(815301076,1909f56bfc062723c751e8b465ee728b)  -> (artifact id: 'ba568a3ba1f55aaa5f8ee9810fcfc706') in 0.001589 seconds
Number of updated asset objects reloaded before import = 0
Number of asset objects unloaded after import = 1
========================================================================
Received Import Request.
  Time since last request: 0.021920 seconds.
  path: Assets/Material/Toon_Materials/Kerze.mat
  artifactKey: Guid(b590ce1bec90e95428a43800327b1f95) Importer(815301076,1909f56bfc062723c751e8b465ee728b)
Start importing Assets/Material/Toon_Materials/Kerze.mat using Guid(b590ce1bec90e95428a43800327b1f95) Importer(815301076,1909f56bfc062723c751e8b465ee728b)  -> (artifact id: '2efceccbc530334d2f84a6d6bab465c2') in 0.001496 seconds
Number of updated asset objects reloaded before import = 0
Number of asset objects unloaded after import = 1
========================================================================
Received Import Request.
  Time since last request: 0.000074 seconds.
  path: Assets/Material/Toon_Materials/Stein.mat
  artifactKey: Guid(a09a753da19e36d4ba78556add1e138a) Importer(815301076,1909f56bfc062723c751e8b465ee728b)
Start importing Assets/Material/Toon_Materials/Stein.mat using Guid(a09a753da19e36d4ba78556add1e138a) Importer(815301076,1909f56bfc062723c751e8b465ee728b)  -> (artifact id: '07c98e6c48e34ca236365e8d68ec1cd3') in 0.001654 seconds
Number of updated asset objects reloaded before import = 0
Number of asset objects unloaded after import = 1
========================================================================
Received Import Request.
  Time since last request: 0.000101 seconds.
  path: Assets/Material/Toon_Materials/Tanne03.mat
  artifactKey: Guid(898c89d52ab2b924484b78692a6098f7) Importer(815301076,1909f56bfc062723c751e8b465ee728b)
Start importing Assets/Material/Toon_Materials/Tanne03.mat using Guid(898c89d52ab2b924484b78692a6098f7) Importer(815301076,1909f56bfc062723c751e8b465ee728b)  -> (artifact id: 'c53f44107dbf4e701789ecd0db4e87dc') in 0.001182 seconds
Number of updated asset objects reloaded before import = 0
Number of asset objects unloaded after import = 1
========================================================================
Received Import Request.
  Time since last request: 2.063233 seconds.
  path: Assets/Fonts/PALA SDF.asset
  artifactKey: Guid(59117463597d124439bbfd366a4e30ac) Importer(815301076,1909f56bfc062723c751e8b465ee728b)
Start importing Assets/Fonts/PALA SDF.asset using Guid(59117463597d124439bbfd366a4e30ac) Importer(815301076,1909f56bfc062723c751e8b465ee728b)  -> (artifact id: 'e272ecb8873252c4659403bb97960cc7') in 0.018543 seconds
Number of updated asset objects reloaded before import = 0
Number of asset objects unloaded after import = 5
========================================================================
Received Prepare
Begin MonoManager ReloadAssembly
Symbol file LoadedFromMemory doesn't match image C:\Users\erdwa\Saved Games\GraveTender\Grave&Tender\Library\PackageCache\com.unity.visualscripting@1.8.0\Editor\VisualScripting.Core\Dependencies\YamlDotNet\Unity.VisualScripting.YamlDotNet.dll
Symbol file LoadedFromMemory doesn't match image C:\Users\erdwa\Saved Games\GraveTender\Grave&Tender\Library\PackageCache\com.unity.visualscripting@1.8.0\Editor\VisualScripting.Core\Dependencies\DotNetZip\Unity.VisualScripting.IonicZip.dll
- Loaded All Assemblies, in  0.624 seconds
Refreshing native plugins compatible for Editor in 2.82 ms, found 3 plugins.
Native extension for WindowsStandalone target not found
Native extension for OSXStandalone target not found
System.Exception: Error! Visual Scripting: couldn't find visual scripting package
  at Unity.VisualScripting.PackageVersionUtility.get_version () [0x00043] in .\Library\PackageCache\com.unity.visualscripting@1.8.0\Editor\VisualScripting.Core\Utilities\PackageVersionUtility.cs:31 
  at Unity.VisualScripting.BoltCoreManifest.get_version () [0x00000] in .\Library\PackageCache\com.unity.visualscripting@1.8.0\Editor\VisualScripting.Core\Plugin\BoltCoreManifest.cs:11 
  at Unity.VisualScripting.PluginManifest.get_currentVersion () [0x00000] in .\Library\PackageCache\com.unity.visualscripting@1.8.0\Editor\VisualScripting.Core\Plugins\PluginManifest.cs:33 
  at Unity.VisualScripting.PluginManifest.get_versionMismatch () [0x00000] in .\Library\PackageCache\com.unity.visualscripting@1.8.0\Editor\VisualScripting.Core\Plugins\PluginManifest.cs:48 
  at Unity.VisualScripting.PluginContainer.Initialize () [0x00525] in .\Library\PackageCache\com.unity.visualscripting@1.8.0\Editor\VisualScripting.Core\Plugins\PluginContainer.cs:208 
  at Unity.VisualScripting.PluginContainer.InitializeOnLoad () [0x00009] in .\Library\PackageCache\com.unity.visualscripting@1.8.0\Editor\VisualScripting.Core\Plugins\PluginContainer.cs:32 
  at Unity.VisualScripting.VSUsageUtility.DoInitializeOnLoadCalls () [0x00034] in .\Library\PackageCache\com.unity.visualscripting@1.8.0\Editor\VisualScripting.Core\Utilities\VSUsageUtility.cs:76 
  at Unity.VisualScripting.VSUsageUtility.set_isVisualScriptingUsed (System.Boolean value) [0x0002c] in .\Library\PackageCache\com.unity.visualscripting@1.8.0\Editor\VisualScripting.Core\Utilities\VSUsageUtility.cs:114 
  at Unity.VisualScripting.VSUsageUtility.CheckAndSetIsVisualScriptingUsed () [0x0000d] in .\Library\PackageCache\com.unity.visualscripting@1.8.0\Editor\VisualScripting.Core\Utilities\VSUsageUtility.cs:33 
  at Unity.VisualScripting.VSUsageUtility..cctor () [0x00000] in .\Library\PackageCache\com.unity.visualscripting@1.8.0\Editor\VisualScripting.Core\Utilities\VSUsageUtility.cs:22 
UnityEngine.StackTraceUtility:ExtractStackTrace ()
UnityEngine.DebugLogHandler:LogFormat (UnityEngine.LogType,UnityEngine.Object,string,object[])
UnityEngine.Logger:Log (UnityEngine.LogType,object)
UnityEngine.Debug:LogError (object)
UnityEditor.EditorAssemblies:ProcessInitializeOnLoadAttributes (System.Type[])

[Package Manager] Server::EnsureServerProcessIsRunning -- launch failed, reason: Unity was launched with the -noUpm command-line argument
[Package Manager] UpmClient::Send -- Unable to send message (not connected to UPM process).
[Package Manager] Cannot connect to Unity Package Manager local server
Mono: successfully reloaded assembly
- Finished resetting the current domain, in  0.949 seconds
Domain Reload Profiling: 1571ms
	BeginReloadAssembly (144ms)
		ExecutionOrderSort (0ms)
		DisableScriptedObjects (3ms)
		BackupInstance (0ms)
		ReleaseScriptingObjects (0ms)
		CreateAndSetChildDomain (45ms)
	RebuildCommonClasses (27ms)
	RebuildNativeTypeToScriptingClass (10ms)
	initialDomainReloadingComplete (29ms)
	LoadAllAssembliesAndSetupDomain (411ms)
		LoadAssemblies (221ms)
		RebuildTransferFunctionScriptingTraits (0ms)
		AnalyzeDomain (240ms)
			TypeCache.Refresh (226ms)
				TypeCache.ScanAssembly (217ms)
			ScanForSourceGeneratedMonoScriptInfo (4ms)
			ResolveRequiredComponents (10ms)
	FinalizeReload (949ms)
		ReleaseScriptCaches (0ms)
		RebuildScriptCaches (0ms)
		SetupLoadedEditorAssemblies (418ms)
			LogAssemblyErrors (0ms)
			InitializePlatformSupportModulesInManaged (6ms)
			SetLoadedEditorAssemblies (2ms)
			RefreshPlugins (0ms)
			BeforeProcessingInitializeOnLoad (51ms)
			ProcessInitializeOnLoadAttributes (314ms)
			ProcessInitializeOnLoadMethodAttributes (40ms)
			AfterProcessingInitializeOnLoad (5ms)
			EditorAssembliesLoaded (0ms)
		ExecutionOrderSort2 (0ms)
		AwakeInstancesAfterBackupRestoration (11ms)
Refreshing native plugins compatible for Editor in 2.27 ms, found 3 plugins.
Preloading 0 native plugins for Editor in 0.00 ms.
Unloading 4836 Unused Serialized files (Serialized files now loaded: 0)
Unloading 46 unused Assets / (0.6 MB). Loaded Objects now: 5484.
Memory consumption went from 256.4 MB to 255.8 MB.
Total: 8.630100 ms (FindLiveObjects: 0.264200 ms CreateObjectMapping: 0.176900 ms MarkObjects: 7.955200 ms  DeleteObjects: 0.233000 ms)

Prepare: number of updated asset objects reloaded= 0
AssetImportParameters requested are different than current active one (requested -> active):
  custom:container-demuxer-ogg: 62fdf1f143b41e24485cea50d1cbac27 -> 
  custom:video-codec-MediaFoundation-h265: 746d11721c4dcdbdad8f713fa42b33f4 -> 
  custom:video-decoder-ogg-theora: a1e56fd34408186e4bbccfd4996cb3dc -> 
  custom:framework-win-MediaFoundation: 216162199b28c13a410421893ffa2e32 -> 
  custom:CustomObjectIndexerAttribute: a3ef5dd2817f97addfee359851a9dba5 -> 
  custom:container-demuxer-webm: 4f35f7cbe854078d1ac9338744f61a02 -> 
  custom:container-muxer-webm: aa71ff27fc2769a1b78a27578f13a17b -> 
  custom:video-decoder-webm-vp8: 9c59270c3fd7afecdb556c50c9e8de78 -> 
  custom:AudioImporter_EditorPlatform: d09bf68614088b80899f8185d706f6e7 -> 
  custom:video-encoder-webm-vp8: eb34c28f22e8b96e1ab97ce403110664 -> 
  custom:audio-decoder-ogg-vorbis: bf7c407c2cedff20999df2af8eb42d56 -> 
  custom:audio-encoder-webm-vorbis: bf7c407c2cedff20999df2af8eb42d56 -> 
Editor requested this worker to shutdown with reason: Scaling down because of idle timeout
TcpMessagingSession - receive error: operation aborted. errorcode: 995, details: Der E/A-Vorgang wurde wegen eines Threadendes oder einer Anwendungsanforderung abgebrochen.
AssetImportWorker is now disconnected from the server
Process exiting
Exiting without the bug reporter. Application will terminate with return code 0